     8 : nkpt
    10 : nstsv

     1   0.000000000       0.000000000       0.000000000     : k-point, vkl
 (state, eigenvalue and occupancy below)
     1 -0.3652359439       2.000000000    
     2  0.4288613370       2.000000000    
     3  0.4288634403       2.000000000    
     4  0.4288634403       2.000000000    
     5  0.6328399689       0.000000000    
     6  0.6328416230       0.000000000    
     7  0.6328416230       0.000000000    
     8  0.9250604606       0.000000000    
     9   1.128194462       0.000000000    
    10   1.402760873       0.000000000    


     2  0.2500000000       0.000000000       0.000000000     : k-point, vkl
 (state, eigenvalue and occupancy below)
     1 -0.3017717788       2.000000000    
     2  0.1841768266       2.000000000    
     3  0.3638259495       2.000000000    
     4  0.3638278511       2.000000000    
     5  0.7140438884       0.000000000    
     6  0.7140459415       0.000000000    
     7  0.7287102417       0.000000000    
     8  0.9680894710       0.000000000    
     9   1.182240925       0.000000000    
    10   1.246074166       0.000000000    


     3  0.5000000000       0.000000000       0.000000000     : k-point, vkl
 (state, eigenvalue and occupancy below)
     1 -0.1497239891       2.000000000    
     2 -0.6871754991E-01   2.000000000    
     3  0.3248879565       2.000000000    
     4  0.3248896525       2.000000000    
     5  0.7375243322       0.000000000    
     6  0.7375261029       0.000000000    
     7  0.7562067362       0.000000000    
     8   1.000138832       0.000000000    
     9   1.228431256       0.000000000    
    10   1.316177050       0.000000000    


     4  0.2500000000      0.2500000000       0.000000000     : k-point, vkl
 (state, eigenvalue and occupancy below)
     1 -0.2807225290       2.000000000    
     2  0.2630932488       2.000000000    
     3  0.2751838013       2.000000000    
     4  0.2751850703       2.000000000    
     5  0.5886900115       0.000000000    
     6  0.8003913831       0.000000000    
     7  0.8555853536       0.000000000    
     8  0.8555870821       0.000000000    
     9   1.170298154       0.000000000    
    10   1.238170398       0.000000000    


     5  0.5000000000      0.2500000000       0.000000000     : k-point, vkl
 (state, eigenvalue and occupancy below)
     1 -0.1418952823       2.000000000    
     2  0.2929839005E-01   2.000000000    
     3  0.1783540765       2.000000000    
     4  0.2473327591       2.000000000    
     5  0.6475017407       0.000000000    
     6  0.8457646063       0.000000000    
     7  0.9001427003       0.000000000    
     8  0.9203689369       0.000000000    
     9   1.172353307       0.000000000    
    10   1.297089543       0.000000000    


     6  0.7500000000      0.2500000000       0.000000000     : k-point, vkl
 (state, eigenvalue and occupancy below)
     1 -0.1997193635       2.000000000    
     2  0.1073900687       2.000000000    
     3  0.1451321842       2.000000000    
     4  0.3168313079       2.000000000    
     5  0.7171195006       0.000000000    
     6  0.7964099089       0.000000000    
     7  0.8829946728       0.000000000    
     8  0.9414005699       0.000000000    
     9   1.145129678       0.000000000    
    10   1.184982244       0.000000000    


     7  0.5000000000      0.5000000000       0.000000000     : k-point, vkl
 (state, eigenvalue and occupancy below)
     1 -0.4250659847E-01   2.000000000    
     2 -0.4250645836E-01   2.000000000    
     3  0.1944505594       2.000000000    
     4  0.1944517328       2.000000000    
     5  0.5977486263       0.000000000    
     6  0.5977493124       0.000000000    
     7   1.049887204       0.000000000    
     8   1.049889548       0.000000000    
     9   1.283042237       0.000000000    
    10   1.283042802       0.000000000    


     8  0.7500000000      0.5000000000      0.2500000000     : k-point, vkl
 (state, eigenvalue and occupancy below)
     1 -0.1199292469E-01   2.000000000    
     2 -0.1199273068E-01   2.000000000    
     3  0.1174455567       2.000000000    
     4  0.1174462680       2.000000000    
     5  0.8138531598       0.000000000    
     6  0.8138534109       0.000000000    
     7  0.8838270069       0.000000000    
     8  0.8838278658       0.000000000    
     9   1.212356376       0.000000000    
    10   1.212357861       0.000000000    

