
+----------------------------+
| Real-space lattice vectors |
+----------------------------+

vector a1 :    0.000000000       3.363700000       3.363700000    
vector a2 :    3.363700000       0.000000000       3.363700000    
vector a3 :    3.363700000       3.363700000       0.000000000    

Stored column-wise as a matrix :
   0.000000000       3.363700000       3.363700000    
   3.363700000       0.000000000       3.363700000    
   3.363700000       3.363700000       0.000000000    

Inverse of matrix :
 -0.1486458364      0.1486458364      0.1486458364    
  0.1486458364     -0.1486458364      0.1486458364    
  0.1486458364      0.1486458364     -0.1486458364    

Unit cell volume :    76.11701721    


+----------------------------------+
| Reciprocal-space lattice vectors |
+----------------------------------+

vector b1 :  -0.9339693354      0.9339693354      0.9339693354    
vector b2 :   0.9339693354     -0.9339693354      0.9339693354    
vector b3 :   0.9339693354      0.9339693354     -0.9339693354    

Stored column-wise as a matrix :
 -0.9339693354      0.9339693354      0.9339693354    
  0.9339693354     -0.9339693354      0.9339693354    
  0.9339693354      0.9339693354     -0.9339693354    

Inverse of matrix :
 -0.7668036441E-17  0.5353494821      0.5353494821    
  0.5353494821     -0.7668036441E-17  0.5353494821    
  0.5353494821      0.5353494821     -0.7668036441E-17

Brillouin zone volume :    3.258801021    
